<?xml version="1.0" encoding="UTF-8"?>
<!-- Generated by org.testng.reporters.JUnitReportReporter -->
<testsuite skipped="0" hostname="XAV-101001199" name="honestfoodcompany.famework.tests.AddProduct" tests="1" failures="0" timestamp="27 Nov 2019 15:26:53 GMT" time="3.877" errors="0">
  <testcase name="userSignInTest" time="3.877" classname="honestfoodcompany.famework.tests.AddProduct"/>
</testsuite> <!-- honestfoodcompany.famework.tests.AddProduct -->
